C:\USERS\TAINã E YANDORA\DESKTOP\OXABLOD1\OXABLOD1\RELEASE\ADDEXP.OBJ
C:\USERS\TAINã E YANDORA\DESKTOP\OXABLOD1\OXABLOD1\RELEASE\ADDEXP_DEF.OBJ
C:\USERS\TAINã E YANDORA\DESKTOP\OXABLOD1\OXABLOD1\RELEASE\ADDMESSAGE.OBJ
C:\USERS\TAINã E YANDORA\DESKTOP\OXABLOD1\OXABLOD1\RELEASE\AHACK.OBJ
C:\USERS\TAINã E YANDORA\DESKTOP\OXABLOD1\OXABLOD1\RELEASE\ARCH.OBJ
C:\USERS\TAINã E YANDORA\DESKTOP\OXABLOD1\OXABLOD1\RELEASE\ASM_HOOK.OBJ
C:\USERS\TAINã E YANDORA\DESKTOP\OXABLOD1\OXABLOD1\RELEASE\BUFFS.OBJ
C:\USERS\TAINã E YANDORA\DESKTOP\OXABLOD1\OXABLOD1\RELEASE\CAPAS.OBJ
C:\USERS\TAINã E YANDORA\DESKTOP\OXABLOD1\OXABLOD1\RELEASE\CARTAS.OBJ
C:\USERS\TAINã E YANDORA\DESKTOP\OXABLOD1\OXABLOD1\RELEASE\CASH_DATABASE.OBJ
C:\USERS\TAINã E YANDORA\DESKTOP\OXABLOD1\OXABLOD1\RELEASE\CCONFIG.OBJ
C:\USERS\TAINã E YANDORA\DESKTOP\OXABLOD1\OXABLOD1\RELEASE\CELESTIAL.OBJ
C:\USERS\TAINã E YANDORA\DESKTOP\OXABLOD1\OXABLOD1\RELEASE\CHECKPACKET.OBJ
C:\Users\Tainã e Yandora\Desktop\oxablod1\oxablod1\Release\cl.command.1.tlog
C:\Users\Tainã e Yandora\Desktop\oxablod1\oxablod1\Release\CL.read.1.tlog
C:\Users\Tainã e Yandora\Desktop\oxablod1\oxablod1\Release\CL.write.1.tlog
C:\USERS\TAINã E YANDORA\DESKTOP\OXABLOD1\OXABLOD1\RELEASE\COMMAND.OBJ
C:\USERS\TAINã E YANDORA\DESKTOP\OXABLOD1\OXABLOD1\RELEASE\COMMD_PACKET.OBJ
C:\USERS\TAINã E YANDORA\DESKTOP\OXABLOD1\OXABLOD1\RELEASE\CONECT.OBJ
C:\USERS\TAINã E YANDORA\DESKTOP\OXABLOD1\OXABLOD1\RELEASE\DATABASE.OBJ
C:\USERS\TAINã E YANDORA\DESKTOP\OXABLOD1\OXABLOD1\RELEASE\DLLMAIN.OBJ
C:\USERS\TAINã E YANDORA\DESKTOP\OXABLOD1\OXABLOD1\RELEASE\EVENTO.OBJ
C:\USERS\TAINã E YANDORA\DESKTOP\OXABLOD1\OXABLOD1\RELEASE\EXITPARTY.OBJ
C:\USERS\TAINã E YANDORA\DESKTOP\OXABLOD1\OXABLOD1\RELEASE\EXPCONTROL.OBJ
C:\USERS\TAINã E YANDORA\DESKTOP\OXABLOD1\OXABLOD1\RELEASE\FIX_ADDPOINT.OBJ
C:\USERS\TAINã E YANDORA\DESKTOP\OXABLOD1\OXABLOD1\RELEASE\FIX_PACKETCONTROL.OBJ
C:\USERS\TAINã E YANDORA\DESKTOP\OXABLOD1\OXABLOD1\RELEASE\FIX_SKILL_CHECK.OBJ
C:\USERS\TAINã E YANDORA\DESKTOP\OXABLOD1\OXABLOD1\RELEASE\FIX_SKILL_EXTRAçAO.OBJ
C:\USERS\TAINã E YANDORA\DESKTOP\OXABLOD1\OXABLOD1\RELEASE\FUNC.OBJ
C:\USERS\TAINã E YANDORA\DESKTOP\OXABLOD1\OXABLOD1\RELEASE\GATE.OBJ
C:\USERS\TAINã E YANDORA\DESKTOP\OXABLOD1\OXABLOD1\RELEASE\GETCREATEMOB.OBJ
C:\USERS\TAINã E YANDORA\DESKTOP\OXABLOD1\OXABLOD1\RELEASE\GETCREATEMOBTRADE.OBJ
C:\USERS\TAINã E YANDORA\DESKTOP\OXABLOD1\OXABLOD1\RELEASE\GLOBALDATA.OBJ
C:\USERS\TAINã E YANDORA\DESKTOP\OXABLOD1\OXABLOD1\RELEASE\GUILD.OBJ
C:\USERS\TAINã E YANDORA\DESKTOP\OXABLOD1\OXABLOD1\RELEASE\HARD_CORE.OBJ
C:\USERS\TAINã E YANDORA\DESKTOP\OXABLOD1\OXABLOD1\RELEASE\INIT.OBJ
C:\Users\Tainã e Yandora\Desktop\oxablod1\oxablod1\Release\link.command.1.tlog
C:\Users\Tainã e Yandora\Desktop\oxablod1\oxablod1\Release\link.read.1.tlog
C:\Users\Tainã e Yandora\Desktop\oxablod1\oxablod1\Release\link.write.1.tlog
C:\USERS\TAINã E YANDORA\DESKTOP\OXABLOD1\OXABLOD1\RELEASE\LOAD_SAVE.OBJ
C:\USERS\TAINã E YANDORA\DESKTOP\OXABLOD1\OXABLOD1\RELEASE\LOGIN.OBJ
C:\USERS\TAINã E YANDORA\DESKTOP\OXABLOD1\OXABLOD1\RELEASE\MOBDEAD.OBJ
C:\Users\Tainã e Yandora\Desktop\oxablod1\oxablod1\Release\mt.command.1.tlog
C:\Users\Tainã e Yandora\Desktop\oxablod1\oxablod1\Release\mt.read.1.tlog
C:\Users\Tainã e Yandora\Desktop\oxablod1\oxablod1\Release\mt.write.1.tlog
C:\USERS\TAINã E YANDORA\DESKTOP\OXABLOD1\OXABLOD1\RELEASE\NEW_ODIN.OBJ
C:\USERS\TAINã E YANDORA\DESKTOP\OXABLOD1\OXABLOD1\RELEASE\NEW_VOLATILES.OBJ
C:\USERS\TAINã E YANDORA\DESKTOP\OXABLOD1\OXABLOD1\RELEASE\NPC_JANELA.OBJ
C:\USERS\TAINã E YANDORA\DESKTOP\OXABLOD1\OXABLOD1\RELEASE\NPCFUNC.OBJ
C:\USERS\TAINã E YANDORA\DESKTOP\OXABLOD1\OXABLOD1\RELEASE\NPCLOAD.OBJ
C:\USERS\TAINã E YANDORA\DESKTOP\OXABLOD1\OXABLOD1\RELEASE\NUMERICA.OBJ
C:\USERS\TAINã E YANDORA\DESKTOP\OXABLOD1\OXABLOD1\RELEASE\NVPREMIO.OBJ
C:\USERS\TAINã E YANDORA\DESKTOP\OXABLOD1\OXABLOD1\RELEASE\OXABLOD1.DLL.INTERMEDIATE.MANIFEST
C:\USERS\TAINã E YANDORA\DESKTOP\OXABLOD1\OXABLOD1\RELEASE\OXABLOD1.OBJ
C:\USERS\TAINã E YANDORA\DESKTOP\OXABLOD1\OXABLOD1\RELEASE\OXABLOD1.PCH
C:\USERS\TAINã E YANDORA\DESKTOP\OXABLOD1\OXABLOD1\RELEASE\PACKETCONTROL_ASM.OBJ
C:\USERS\TAINã E YANDORA\DESKTOP\OXABLOD1\OXABLOD1\RELEASE\PE_DEFCONST.OBJ
C:\USERS\TAINã E YANDORA\DESKTOP\OXABLOD1\OXABLOD1\RELEASE\PERGAA.OBJ
C:\USERS\TAINã E YANDORA\DESKTOP\OXABLOD1\OXABLOD1\RELEASE\PERGAM.OBJ
C:\USERS\TAINã E YANDORA\DESKTOP\OXABLOD1\OXABLOD1\RELEASE\PERGAN.OBJ
C:\USERS\TAINã E YANDORA\DESKTOP\OXABLOD1\OXABLOD1\RELEASE\PESADELO.OBJ
C:\USERS\TAINã E YANDORA\DESKTOP\OXABLOD1\OXABLOD1\RELEASE\PISTA_UXMAL_01.OBJ
C:\USERS\TAINã E YANDORA\DESKTOP\OXABLOD1\OXABLOD1\RELEASE\PISTA_UXMAL_02.OBJ
C:\USERS\TAINã E YANDORA\DESKTOP\OXABLOD1\OXABLOD1\RELEASE\PREMIUN_NIEL.OBJ
C:\USERS\TAINã E YANDORA\DESKTOP\OXABLOD1\OXABLOD1\RELEASE\READMESSAGE.OBJ
C:\USERS\TAINã E YANDORA\DESKTOP\OXABLOD1\OXABLOD1\RELEASE\RECRUTAR.OBJ
C:\USERS\TAINã E YANDORA\DESKTOP\OXABLOD1\OXABLOD1\RELEASE\RVR.OBJ
C:\USERS\TAINã E YANDORA\DESKTOP\OXABLOD1\OXABLOD1\RELEASE\SEND_PACKETS.OBJ
C:\USERS\TAINã E YANDORA\DESKTOP\OXABLOD1\OXABLOD1\RELEASE\SENDAFFECT.OBJ
C:\USERS\TAINã E YANDORA\DESKTOP\OXABLOD1\OXABLOD1\RELEASE\SENDETC.OBJ
C:\USERS\TAINã E YANDORA\DESKTOP\OXABLOD1\OXABLOD1\RELEASE\SENDSCORE.OBJ
C:\USERS\TAINã E YANDORA\DESKTOP\OXABLOD1\OXABLOD1\RELEASE\SENDTRADE.OBJ
C:\USERS\TAINã E YANDORA\DESKTOP\OXABLOD1\OXABLOD1\RELEASE\STDAFX.OBJ
C:\USERS\TAINã E YANDORA\DESKTOP\OXABLOD1\OXABLOD1\RELEASE\SUB_CELESTIAL.OBJ
C:\USERS\TAINã E YANDORA\DESKTOP\OXABLOD1\OXABLOD1\RELEASE\TAB_SEND.OBJ
C:\USERS\TAINã E YANDORA\DESKTOP\OXABLOD1\OXABLOD1\RELEASE\TELEPORTES.OBJ
C:\USERS\TAINÃ E YANDORA\DESKTOP\OXABLOD1\OXABLOD1\RELEASE\VC100.PDB
C:\USERS\TAINã E YANDORA\DESKTOP\OXABLOD1\OXABLOD1\RELEASE\VIP_ITEM.OBJ
C:\USERS\TAINã E YANDORA\DESKTOP\OXABLOD1\OXABLOD1\RELEASE\VOLATILES.OBJ
C:\USERS\TAINã E YANDORA\DESKTOP\OXABLOD1\OXABLOD1\RELEASE\VOLATILESFUNC.OBJ
C:\USERS\TAINã E YANDORA\DESKTOP\OXABLOD1\RELEASE\OXABLOD1.DLL
C:\USERS\TAINÃ E YANDORA\DESKTOP\OXABLOD1\RELEASE\OXABLOD1.PDB
